<?xml version="1.0" encoding="UTF-8"?>
<testng-results skipped="0" failed="0" total="1" passed="1">
  <reporter-output>
  </reporter-output>
  <suite name="Suite" duration-ms="15666" started-at="2018-01-18T23:50:40Z" finished-at="2018-01-18T23:50:56Z">
    <groups>
    </groups>
    <test name="Test" duration-ms="15666" started-at="2018-01-18T23:50:40Z" finished-at="2018-01-18T23:50:56Z">
      <class name="qaclickacademy.CTSTimesheet">
        <test-method status="PASS" signature="login(java.lang.String, java.lang.String)[pri:0, instance:qaclickacademy.CTSTimesheet@6d4b1c02]" name="login" duration-ms="15632" started-at="2018-01-18T18:50:40Z" finished-at="2018-01-18T18:50:56Z">
          <params>
            <param index="0">
              <value>
                <![CDATA[662410]]>
              </value>
            </param>
            <param index="1">
              <value>
                <![CDATA[Ayutan@146]]>
              </value>
            </param>
          </params>
          <reporter-output>
          </reporter-output>
        </test-method> <!-- login -->
      </class> <!-- qaclickacademy.CTSTimesheet -->
    </test> <!-- Test -->
  </suite> <!-- Suite -->
</testng-results>
